<?xml version="1.0" encoding="UTF-8" standalone="yes"?><!DOCTYPE report PUBLIC "-//JACOCO//DTD Report 1.1//EN" "report.dtd"><report name="wildstore-testdata"><sessioninfo id="Hans-MBP.hsd1.ca.comcast.net-73f3c643" start="1776580007674" dump="1776580008355"/><sessioninfo id="Hans-MBP.hsd1.ca.comcast.net-b0d5e154" start="1776580037634" dump="1776580038303"/><sessioninfo id="Hans-MBP.hsd1.ca.comcast.net-edac3404" start="1776580643630" dump="1776580644292"/><sessioninfo id="Hans-MBP.hsd1.ca.comcast.net-13f9d2e1" start="1776581178692" dump="1776581179348"/><sessioninfo id="Hans-MBP.hsd1.ca.comcast.net-e43bac73" start="1776582840829" dump="1776582841491"/><sessioninfo id="Hans-MBP.hsd1.ca.comcast.net-232bc4e1" start="1776609794786" dump="1776609795447"/><sessioninfo id="Hans-MBP.hsd1.ca.comcast.net-3a045d76" start="1776611392780" dump="1776611393431"/><sessioninfo id="Hans-MBP.hsd1.ca.comcast.net-bde11dba" start="1776625767676" dump="1776625768315"/><sessioninfo id="Hans-MBP.hsd1.ca.comcast.net-4a8b4545" start="1776625918351" dump="1776625919049"/><sessioninfo id="Hans-MBP.hsd1.ca.comcast.net-91bb679f" start="1776627433124" dump="1776627433762"/><sessioninfo id="Hans-MBP.hsd1.ca.comcast.net-464e0cd1" start="1776627516902" dump="1776627517629"/><sessioninfo id="Hans-MBP.hsd1.ca.comcast.net-da509d" start="1776628024053" dump="1776628024731"/><sessioninfo id="Hans-MBP.hsd1.ca.comcast.net-4414de58" start="1776628653177" dump="1776628653853"/><sessioninfo id="Hans-MBP.hsd1.ca.comcast.net-be6c1d3d" start="1776629163594" dump="1776629164283"/><sessioninfo id="Hans-MBP.hsd1.ca.comcast.net-ddca9b0" start="1776629277761" dump="1776629278495"/><sessioninfo id="Hans-MBP.hsd1.ca.comcast.net-300c4e00" start="1776629824050" dump="1776629824745"/><package name="edu/sjsu/wildstore"><class name="edu/sjsu/wildstore/TestDataDuplicator" sourcefilename="TestDataDuplicator.java"><method name="&lt;init&gt;" desc="()V" line="11"><counter type="INSTRUCTION" missed="0" covered="3"/><counter type="LINE" missed="0" covered="1"/><counter type="COMPLEXITY" missed="0" covered="1"/><counter type="METHOD" missed="0" covered="1"/></method><method name="run" desc="()V" line="22"><counter type="INSTRUCTION" missed="21" covered="16"/><counter type="BRANCH" missed="2" covered="2"/><counter type="LINE" missed="5" covered="4"/><counter type="COMPLEXITY" missed="2" covered="1"/><counter type="METHOD" missed="0" covered="1"/></method><method name="duplicateFiles" desc="(Ljava/io/File;ILjava/util/function/BiFunction;)V" line="41"><counter type="INSTRUCTION" missed="0" covered="77"/><counter type="BRANCH" missed="0" covered="4"/><counter type="LINE" missed="0" covered="12"/><counter type="COMPLEXITY" missed="0" covered="3"/><counter type="METHOD" missed="0" covered="1"/></method><method name="findTimeOffset" desc="([B)I" line="60"><counter type="INSTRUCTION" missed="0" covered="47"/><counter type="BRANCH" missed="4" covered="8"/><counter type="LINE" missed="0" covered="5"/><counter type="COMPLEXITY" missed="4" covered="3"/><counter type="METHOD" missed="0" covered="1"/></method><method name="main" desc="([Ljava/lang/String;)V" line="70"><counter type="INSTRUCTION" missed="10" covered="0"/><counter type="LINE" missed="2" covered="0"/><counter type="COMPLEXITY" missed="1" covered="0"/><counter type="METHOD" missed="1" covered="0"/></method><method name="lambda$run$0" desc="(Ljava/io/File;Ljava/lang/Integer;)Ljava/io/File;" line="28"><counter type="INSTRUCTION" missed="0" covered="44"/><counter type="LINE" missed="0" covered="5"/><counter type="COMPLEXITY" missed="0" covered="1"/><counter type="METHOD" missed="0" covered="1"/></method><counter type="INSTRUCTION" missed="31" covered="187"/><counter type="BRANCH" missed="6" covered="14"/><counter type="LINE" missed="7" covered="27"/><counter type="COMPLEXITY" missed="7" covered="9"/><counter type="METHOD" missed="1" covered="5"/><counter type="CLASS" missed="0" covered="1"/></class><class name="edu/sjsu/wildstore/TestDataUtils" sourcefilename="TestDataUtils.java"><method name="&lt;init&gt;" desc="()V" line="19"><counter type="INSTRUCTION" missed="3" covered="0"/><counter type="LINE" missed="1" covered="0"/><counter type="COMPLEXITY" missed="1" covered="0"/><counter type="METHOD" missed="1" covered="0"/></method><method name="getFileSystemForUrl" desc="(Ljava/net/URL;)Ljava/nio/file/FileSystem;" line="21"><counter type="INSTRUCTION" missed="0" covered="26"/><counter type="BRANCH" missed="0" covered="2"/><counter type="LINE" missed="0" covered="6"/><counter type="COMPLEXITY" missed="0" covered="2"/><counter type="METHOD" missed="0" covered="1"/></method><method name="getPathForUrl" desc="(Ljava/nio/file/FileSystem;Ljava/net/URL;)Ljava/nio/file/Path;" line="32"><counter type="INSTRUCTION" missed="0" covered="30"/><counter type="BRANCH" missed="0" covered="2"/><counter type="LINE" missed="0" covered="5"/><counter type="COMPLEXITY" missed="0" covered="2"/><counter type="METHOD" missed="0" covered="1"/></method><method name="extractTestData" desc="(Ljava/nio/file/Path;)V" line="42"><counter type="INSTRUCTION" missed="0" covered="56"/><counter type="BRANCH" missed="0" covered="8"/><counter type="LINE" missed="0" covered="15"/><counter type="COMPLEXITY" missed="0" covered="5"/><counter type="METHOD" missed="0" covered="1"/></method><counter type="INSTRUCTION" missed="3" covered="112"/><counter type="BRANCH" missed="0" covered="12"/><counter type="LINE" missed="1" covered="26"/><counter type="COMPLEXITY" missed="1" covered="9"/><counter type="METHOD" missed="1" covered="3"/><counter type="CLASS" missed="0" covered="1"/></class><sourcefile name="TestDataUtils.java"><line nr="19" mi="3" ci="0" mb="0" cb="0"/><line nr="21" mi="0" ci="7" mb="0" cb="2"/><line nr="22" mi="0" ci="5" mb="0" cb="0"/><line nr="23" mi="0" ci="3" mb="0" cb="0"/><line nr="24" mi="0" ci="5" mb="0" cb="0"/><line nr="25" mi="0" ci="4" mb="0" cb="0"/><line nr="27" mi="0" ci="2" mb="0" cb="0"/><line nr="32" mi="0" ci="7" mb="0" cb="2"/><line nr="33" mi="0" ci="5" mb="0" cb="0"/><line nr="34" mi="0" ci="7" mb="0" cb="0"/><line nr="35" mi="0" ci="5" mb="0" cb="0"/><line nr="37" mi="0" ci="6" mb="0" cb="0"/><line nr="42" mi="0" ci="4" mb="0" cb="0"/><line nr="43" mi="0" ci="2" mb="0" cb="2"/><line nr="44" mi="0" ci="5" mb="0" cb="0"/><line nr="46" mi="0" ci="5" mb="0" cb="0"/><line nr="49" mi="0" ci="5" mb="0" cb="2"/><line nr="50" mi="0" ci="3" mb="0" cb="2"/><line nr="51" mi="0" ci="3" mb="0" cb="0"/><line nr="52" mi="0" ci="4" mb="0" cb="2"/><line nr="53" mi="0" ci="4" mb="0" cb="0"/><line nr="55" mi="0" ci="4" mb="0" cb="0"/><line nr="56" mi="0" ci="6" mb="0" cb="0"/><line nr="57" mi="0" ci="5" mb="0" cb="0"/><line nr="58" mi="0" ci="4" mb="0" cb="0"/><line nr="60" mi="0" ci="1" mb="0" cb="0"/><line nr="62" mi="0" ci="1" mb="0" cb="0"/><counter type="INSTRUCTION" missed="3" covered="112"/><counter type="BRANCH" missed="0" covered="12"/><counter type="LINE" missed="1" covered="26"/><counter type="COMPLEXITY" missed="1" covered="9"/><counter type="METHOD" missed="1" covered="3"/><counter type="CLASS" missed="0" covered="1"/></sourcefile><sourcefile name="TestDataDuplicator.java"><line nr="11" mi="0" ci="3" mb="0" cb="0"/><line nr="22" mi="0" ci="8" mb="2" cb="2"/><line nr="23" mi="11" ci="0" mb="0" cb="0"/><line nr="24" mi="2" ci="0" mb="0" cb="0"/><line nr="27" mi="0" ci="6" mb="0" cb="0"/><line nr="28" mi="0" ci="3" mb="0" cb="0"/><line nr="29" mi="0" ci="4" mb="0" cb="0"/><line nr="30" mi="0" ci="22" mb="0" cb="0"/><line nr="31" mi="0" ci="10" mb="0" cb="0"/><line nr="32" mi="0" ci="5" mb="0" cb="0"/><line nr="34" mi="1" ci="0" mb="0" cb="0"/><line nr="35" mi="5" ci="0" mb="0" cb="0"/><line nr="36" mi="2" ci="0" mb="0" cb="0"/><line nr="37" mi="0" ci="1" mb="0" cb="0"/><line nr="38" mi="0" ci="1" mb="0" cb="0"/><line nr="41" mi="0" ci="4" mb="0" cb="0"/><line nr="42" mi="0" ci="3" mb="0" cb="0"/><line nr="43" mi="0" ci="3" mb="0" cb="2"/><line nr="44" mi="0" ci="5" mb="0" cb="0"/><line nr="46" mi="0" ci="7" mb="0" cb="2"/><line nr="48" mi="0" ci="12" mb="0" cb="0"/><line nr="49" mi="0" ci="12" mb="0" cb="0"/><line nr="50" mi="0" ci="7" mb="0" cb="0"/><line nr="52" mi="0" ci="9" mb="0" cb="0"/><line nr="53" mi="0" ci="7" mb="0" cb="0"/><line nr="54" mi="0" ci="7" mb="0" cb="0"/><line nr="56" mi="0" ci="1" mb="0" cb="0"/><line nr="60" mi="0" ci="10" mb="0" cb="2"/><line nr="61" mi="0" ci="31" mb="3" cb="5"/><line nr="62" mi="0" ci="2" mb="1" cb="1"/><line nr="63" mi="0" ci="2" mb="0" cb="0"/><line nr="66" mi="0" ci="2" mb="0" cb="0"/><line nr="70" mi="9" ci="0" mb="0" cb="0"/><line nr="71" mi="1" ci="0" mb="0" cb="0"/><counter type="INSTRUCTION" missed="31" covered="187"/><counter type="BRANCH" missed="6" covered="14"/><counter type="LINE" missed="7" covered="27"/><counter type="COMPLEXITY" missed="7" covered="9"/><counter type="METHOD" missed="1" covered="5"/><counter type="CLASS" missed="0" covered="1"/></sourcefile><counter type="INSTRUCTION" missed="34" covered="299"/><counter type="BRANCH" missed="6" covered="26"/><counter type="LINE" missed="8" covered="53"/><counter type="COMPLEXITY" missed="8" covered="18"/><counter type="METHOD" missed="2" covered="8"/><counter type="CLASS" missed="0" covered="2"/></package><counter type="INSTRUCTION" missed="34" covered="299"/><counter type="BRANCH" missed="6" covered="26"/><counter type="LINE" missed="8" covered="53"/><counter type="COMPLEXITY" missed="8" covered="18"/><counter type="METHOD" missed="2" covered="8"/><counter type="CLASS" missed="0" covered="2"/></report>